Using pre-set license
Built from '2020.2/staging' branch; Version is '2020.2.5f1 (e2c53f129de5) revision 14861631'; Using compiler version '192528614'; Build Type 'Release'
OS: 'Windows 10 Pro; OS build 19041.867; Version 2004; 64bit' Language: 'en' Physical Memory: 49087 MB
BatchMode: 1, IsHumanControllingUs: 0, StartBugReporterOnCrash: 0, Is64bit: 1, IsPro: 0

 COMMAND LINE ARGUMENTS:
D:\Other\2020.2.5f1\Editor\Unity.exe
-adb2
-batchMode
-noUpm
-name
AssetImportWorker0
-projectPath
D:/Documents/GitHub/Unity/Labyrinth2 (2)
-logFile
Logs/AssetImportWorker0.log
-srvPort
51174
Successfully changed project path to: D:/Documents/GitHub/Unity/Labyrinth2 (2)
D:/Documents/GitHub/Unity/Labyrinth2 (2)
Using Asset Import Pipeline V2.
Unable to join player connection multicast group.

Refreshing native plugins compatible for Editor in 29.23 ms, found 0 plugins.
Preloading 0 native plugins for Editor in 0.00 ms.
Initialize engine version: 2020.2.5f1 (e2c53f129de5)
[Subsystems] Discovering subsystems at path D:/Other/2020.2.5f1/Editor/Data/Resources/UnitySubsystems
[Subsystems] Discovering subsystems at path D:/Documents/GitHub/Unity/Labyrinth2 (2)/Assets
GfxDevice: creating device client; threaded=0
Direct3D:
    Version:  Direct3D 11.0 [level 11.1]
    Renderer: NVIDIA GeForce GTX 1070 (ID=0x1be1)
    Vendor:   
    VRAM:     8081 MB
    Driver:   27.21.14.6089
Initialize mono
Mono path[0] = 'D:/Other/2020.2.5f1/Editor/Data/Managed'
Mono path[1] = 'D:/Other/2020.2.5f1/Editor/Data/MonoBleedingEdge/lib/mono/unityjit'
Mono config path = 'D:/Other/2020.2.5f1/Editor/Data/MonoBleedingEdge/etc'
Using monoOptions --debugger-agent=transport=dt_socket,embedding=1,server=y,suspend=n,address=127.0.0.1:56040
Begin MonoManager ReloadAssembly
Registering precompiled unity dll's ...
Register platform support module: D:/Other/2020.2.5f1/Editor/Data/PlaybackEngines/WebGLSupport/UnityEditor.WebGL.Extensions.dll
Register platform support module: D:/Other/2020.2.5f1/Editor/Data/PlaybackEngines/MacStandaloneSupport/UnityEditor.OSXStandalone.Extensions.dll
Register platform support module: D:/Other/2020.2.5f1/Editor/Data/PlaybackEngines/WindowsStandaloneSupport/UnityEditor.WindowsStandalone.Extensions.dll
Register platform support module: D:/Other/2020.2.5f1/Editor/Data/PlaybackEngines/LinuxStandaloneSupport/UnityEditor.LinuxStandalone.Extensions.dll
Registered in 0.003203 seconds.
Native extension for LinuxStandalone target not found
Native extension for WindowsStandalone target not found
Native extension for OSXStandalone target not found
Native extension for WebGL target not found
Refreshing native plugins compatible for Editor in 33.83 ms, found 0 plugins.
Preloading 0 native plugins for Editor in 0.00 ms.
Invoked RoslynAnalysisRunner static constructor.
RoslynAnalysisRunner will not be running.
RoslynAnalysisRunner has terminated.
Mono: successfully reloaded assembly
- Completed reload, in  3.957 seconds
Platform modules already initialized, skipping
Registering precompiled user dll's ...
Registered in 0.002027 seconds.
Begin MonoManager ReloadAssembly
Native extension for LinuxStandalone target not found
Native extension for WindowsStandalone target not found
Native extension for OSXStandalone target not found
Native extension for WebGL target not found
Refreshing native plugins compatible for Editor in 0.40 ms, found 0 plugins.
Preloading 0 native plugins for Editor in 0.00 ms.
Invoked RoslynAnalysisRunner static constructor.
RoslynAnalysisRunner will not be running.
RoslynAnalysisRunner has terminated.
Mono: successfully reloaded assembly
- Completed reload, in  1.212 seconds
Platform modules already initialized, skipping
========================================================================
Worker process is ready to serve import requests
Launched and connected shader compiler UnityShaderCompiler.exe after 0.31 seconds
Refreshing native plugins compatible for Editor in 0.31 ms, found 0 plugins.
Preloading 0 native plugins for Editor in 0.00 ms.
Unloading 1108 Unused Serialized files (Serialized files now loaded: 0)
System memory in use before: 68.6 MB.
System memory in use after: 68.7 MB.

Unloading 9 unused Assets to reduce memory usage. Loaded Objects now: 1565.
Total: 2.212100 ms (FindLiveObjects: 0.259300 ms CreateObjectMapping: 0.086700 ms MarkObjects: 1.720800 ms  DeleteObjects: 0.143800 ms)

========================================================================
Received Import Request.
  path: Assets/Scenes/Menu.unity
  artifactKey: Guid(64d0c44f85c417544a2c0cb71de05399) Importer(815301076,1909f56bfc062723c751e8b465ee728b)
Start importing Assets/Scenes/Menu.unity using Guid(64d0c44f85c417544a2c0cb71de05399) Importer(815301076,1909f56bfc062723c751e8b465ee728b)  -> (artifact id: '2d54ec5a5670ba035068a5911831f1dc') in 0.021676 seconds
  Import took 0.024550 seconds .

========================================================================
Received Import Request.
  Time since last request: 17.219612 seconds.
  path: Assets/Maze_picture.png
  artifactKey: Guid(9ca41b3791fbcab4c97a4d5129c8ff8e) Importer(815301076,1909f56bfc062723c751e8b465ee728b)
Start importing Assets/Maze_picture.png using Guid(9ca41b3791fbcab4c97a4d5129c8ff8e) Importer(815301076,1909f56bfc062723c751e8b465ee728b)  -> (artifact id: '6fc18da28246cf17bbd00a242be619a8') in 0.494867 seconds
  Import took 0.497760 seconds .

========================================================================
Received Prepare
Registering precompiled user dll's ...
Registered in 0.001026 seconds.
Begin MonoManager ReloadAssembly
Native extension for LinuxStandalone target not found
Native extension for WindowsStandalone target not found
Native extension for OSXStandalone target not found
Native extension for WebGL target not found
Refreshing native plugins compatible for Editor in 0.31 ms, found 0 plugins.
Preloading 0 native plugins for Editor in 0.00 ms.
Invoked RoslynAnalysisRunner static constructor.
RoslynAnalysisRunner will not be running.
RoslynAnalysisRunner has terminated.
Mono: successfully reloaded assembly
- Completed reload, in  1.137 seconds
Platform modules already initialized, skipping
Refreshing native plugins compatible for Editor in 0.23 ms, found 0 plugins.
Preloading 0 native plugins for Editor in 0.00 ms.
Unloading 1102 Unused Serialized files (Serialized files now loaded: 0)
System memory in use before: 68.5 MB.
System memory in use after: 68.6 MB.

Unloading 4 unused Assets to reduce memory usage. Loaded Objects now: 1569.
Total: 2.624300 ms (FindLiveObjects: 0.150000 ms CreateObjectMapping: 0.036700 ms MarkObjects: 2.410000 ms  DeleteObjects: 0.025100 ms)

========================================================================
Received Prepare
Registering precompiled user dll's ...
Registered in 0.001362 seconds.
Begin MonoManager ReloadAssembly
Native extension for LinuxStandalone target not found
Native extension for WindowsStandalone target not found
Native extension for OSXStandalone target not found
Native extension for WebGL target not found
Refreshing native plugins compatible for Editor in 0.36 ms, found 0 plugins.
Preloading 0 native plugins for Editor in 0.00 ms.
Invoked RoslynAnalysisRunner static constructor.
RoslynAnalysisRunner will not be running.
RoslynAnalysisRunner has terminated.
Mono: successfully reloaded assembly
- Completed reload, in  1.149 seconds
Platform modules already initialized, skipping
Refreshing native plugins compatible for Editor in 0.35 ms, found 0 plugins.
Preloading 0 native plugins for Editor in 0.00 ms.
Unloading 1102 Unused Serialized files (Serialized files now loaded: 0)
System memory in use before: 68.5 MB.
System memory in use after: 68.6 MB.

Unloading 4 unused Assets to reduce memory usage. Loaded Objects now: 1571.
Total: 2.664700 ms (FindLiveObjects: 0.207100 ms CreateObjectMapping: 0.064100 ms MarkObjects: 2.372800 ms  DeleteObjects: 0.018300 ms)

========================================================================
Received Import Request.
  Time since last request: 3184.193596 seconds.
  path: Assets/Script/PlayerController.cs
  artifactKey: Guid(7b8e0837df5f1d74daf2d72bad55b92e) Importer(815301076,1909f56bfc062723c751e8b465ee728b)
Start importing Assets/Script/PlayerController.cs using Guid(7b8e0837df5f1d74daf2d72bad55b92e) Importer(815301076,1909f56bfc062723c751e8b465ee728b)  -> (artifact id: '9fab634f12e8d169c4bc7bfa49968de5') in 0.026804 seconds
  Import took 0.030170 seconds .

========================================================================
Received Import Request.
  Time since last request: 0.004165 seconds.
  path: Assets/Script/PlayerController.cs
  artifactKey: Guid(7b8e0837df5f1d74daf2d72bad55b92e) Importer(815301076,1909f56bfc062723c751e8b465ee728b)
Start importing Assets/Script/PlayerController.cs using Guid(7b8e0837df5f1d74daf2d72bad55b92e) Importer(815301076,1909f56bfc062723c751e8b465ee728b)  -> (artifact id: '9fab634f12e8d169c4bc7bfa49968de5') in 0.003652 seconds
  Import took 0.007091 seconds .

========================================================================
Received Import Request.
  Time since last request: 13.046055 seconds.
  path: Assets/Scenes/Menu.unity
  artifactKey: Guid(64d0c44f85c417544a2c0cb71de05399) Importer(815301076,1909f56bfc062723c751e8b465ee728b)
Start importing Assets/Scenes/Menu.unity using Guid(64d0c44f85c417544a2c0cb71de05399) Importer(815301076,1909f56bfc062723c751e8b465ee728b)  -> (artifact id: '554c56f1fbf74ac54f1942e080fe995d') in 0.017265 seconds
  Import took 0.020383 seconds .

========================================================================
Received Import Request.
  Time since last request: 0.865435 seconds.
  path: Assets/Scenes/level1.unity
  artifactKey: Guid(9fc0d4010bbf28b4594072e72b8655ab) Importer(815301076,1909f56bfc062723c751e8b465ee728b)
Start importing Assets/Scenes/level1.unity using Guid(9fc0d4010bbf28b4594072e72b8655ab) Importer(815301076,1909f56bfc062723c751e8b465ee728b)  -> (artifact id: 'edb798fba3de5694b451a61762fca27b') in 0.012178 seconds
  Import took 0.015106 seconds .

========================================================================
Received Import Request.
  Time since last request: 59.015185 seconds.
  path: Assets/Scenes/level1.unity
  artifactKey: Guid(9fc0d4010bbf28b4594072e72b8655ab) Importer(815301076,1909f56bfc062723c751e8b465ee728b)
Start importing Assets/Scenes/level1.unity using Guid(9fc0d4010bbf28b4594072e72b8655ab) Importer(815301076,1909f56bfc062723c751e8b465ee728b)  -> (artifact id: 'a77efa381acb5e651dba423443ed2f32') in 0.005543 seconds
  Import took 0.009755 seconds .

========================================================================
Received Prepare
Registering precompiled user dll's ...
Registered in 0.000769 seconds.
Begin MonoManager ReloadAssembly
Native extension for LinuxStandalone target not found
Native extension for WindowsStandalone target not found
Native extension for OSXStandalone target not found
Native extension for WebGL target not found
Refreshing native plugins compatible for Editor in 0.27 ms, found 0 plugins.
Preloading 0 native plugins for Editor in 0.00 ms.
Invoked RoslynAnalysisRunner static constructor.
RoslynAnalysisRunner will not be running.
RoslynAnalysisRunner has terminated.
Mono: successfully reloaded assembly
- Completed reload, in  1.477 seconds
Platform modules already initialized, skipping
Refreshing native plugins compatible for Editor in 0.23 ms, found 0 plugins.
Preloading 0 native plugins for Editor in 0.00 ms.
Unloading 1103 Unused Serialized files (Serialized files now loaded: 0)
System memory in use before: 68.6 MB.
System memory in use after: 68.7 MB.

Unloading 4 unused Assets to reduce memory usage. Loaded Objects now: 1574.
Total: 1.566500 ms (FindLiveObjects: 0.163200 ms CreateObjectMapping: 0.035300 ms MarkObjects: 1.352500 ms  DeleteObjects: 0.013600 ms)

========================================================================
Received Import Request.
  Time since last request: 85.489497 seconds.
  path: Assets/Script/Options.cs
  artifactKey: Guid(386710dd2b02db94b83b18af72600936) Importer(815301076,1909f56bfc062723c751e8b465ee728b)
Start importing Assets/Script/Options.cs using Guid(386710dd2b02db94b83b18af72600936) Importer(815301076,1909f56bfc062723c751e8b465ee728b)  -> (artifact id: '481266f7a52d396caebbc0e5271eb17e') in 0.009091 seconds
  Import took 0.011188 seconds .

========================================================================
Received Prepare
Registering precompiled user dll's ...
Registered in 0.000786 seconds.
Begin MonoManager ReloadAssembly
Native extension for LinuxStandalone target not found
Native extension for WindowsStandalone target not found
Native extension for OSXStandalone target not found
Native extension for WebGL target not found
Refreshing native plugins compatible for Editor in 0.41 ms, found 0 plugins.
Preloading 0 native plugins for Editor in 0.00 ms.
Invoked RoslynAnalysisRunner static constructor.
RoslynAnalysisRunner will not be running.
RoslynAnalysisRunner has terminated.
Mono: successfully reloaded assembly
- Completed reload, in  1.063 seconds
Platform modules already initialized, skipping
Refreshing native plugins compatible for Editor in 0.28 ms, found 0 plugins.
Preloading 0 native plugins for Editor in 0.00 ms.
Unloading 1103 Unused Serialized files (Serialized files now loaded: 0)
System memory in use before: 68.6 MB.
System memory in use after: 68.7 MB.

Unloading 4 unused Assets to reduce memory usage. Loaded Objects now: 1576.
Total: 2.943700 ms (FindLiveObjects: 0.771200 ms CreateObjectMapping: 0.132400 ms MarkObjects: 2.019700 ms  DeleteObjects: 0.018400 ms)

========================================================================
Received Import Request.
  Time since last request: 697.982444 seconds.
  path: Assets/Script/Options.cs
  artifactKey: Guid(386710dd2b02db94b83b18af72600936) Importer(815301076,1909f56bfc062723c751e8b465ee728b)
Start importing Assets/Script/Options.cs using Guid(386710dd2b02db94b83b18af72600936) Importer(815301076,1909f56bfc062723c751e8b465ee728b)  -> (artifact id: '64d63770048a7a1a884fa353d336d0ad') in 0.019203 seconds
  Import took 0.039987 seconds .

========================================================================
Received Prepare
Registering precompiled user dll's ...
Registered in 0.000808 seconds.
Begin MonoManager ReloadAssembly
Native extension for LinuxStandalone target not found
Native extension for WindowsStandalone target not found
Native extension for OSXStandalone target not found
Native extension for WebGL target not found
Refreshing native plugins compatible for Editor in 0.25 ms, found 0 plugins.
Preloading 0 native plugins for Editor in 0.00 ms.
Invoked RoslynAnalysisRunner static constructor.
RoslynAnalysisRunner will not be running.
RoslynAnalysisRunner has terminated.
Mono: successfully reloaded assembly
- Completed reload, in  1.039 seconds
Platform modules already initialized, skipping
Refreshing native plugins compatible for Editor in 0.24 ms, found 0 plugins.
Preloading 0 native plugins for Editor in 0.00 ms.
Unloading 1103 Unused Serialized files (Serialized files now loaded: 0)
System memory in use before: 68.6 MB.
System memory in use after: 68.7 MB.

Unloading 4 unused Assets to reduce memory usage. Loaded Objects now: 1578.
Total: 1.978300 ms (FindLiveObjects: 0.258500 ms CreateObjectMapping: 0.051400 ms MarkObjects: 1.604100 ms  DeleteObjects: 0.062200 ms)

========================================================================
Received Prepare
Registering precompiled user dll's ...
Registered in 0.001259 seconds.
Begin MonoManager ReloadAssembly
Native extension for LinuxStandalone target not found
Native extension for WindowsStandalone target not found
Native extension for OSXStandalone target not found
Native extension for WebGL target not found
Refreshing native plugins compatible for Editor in 0.20 ms, found 0 plugins.
Preloading 0 native plugins for Editor in 0.00 ms.
Invoked RoslynAnalysisRunner static constructor.
RoslynAnalysisRunner will not be running.
RoslynAnalysisRunner has terminated.
Mono: successfully reloaded assembly
- Completed reload, in  0.965 seconds
Platform modules already initialized, skipping
Refreshing native plugins compatible for Editor in 0.22 ms, found 0 plugins.
Preloading 0 native plugins for Editor in 0.00 ms.
Unloading 1103 Unused Serialized files (Serialized files now loaded: 0)
System memory in use before: 68.6 MB.
System memory in use after: 68.7 MB.

Unloading 4 unused Assets to reduce memory usage. Loaded Objects now: 1580.
Total: 3.200700 ms (FindLiveObjects: 0.249500 ms CreateObjectMapping: 0.063000 ms MarkObjects: 2.839300 ms  DeleteObjects: 0.047300 ms)

========================================================================
Received Prepare
Registering precompiled user dll's ...
Registered in 0.001206 seconds.
Begin MonoManager ReloadAssembly
Native extension for LinuxStandalone target not found
Native extension for WindowsStandalone target not found
Native extension for OSXStandalone target not found
Native extension for WebGL target not found
Refreshing native plugins compatible for Editor in 0.38 ms, found 0 plugins.
Preloading 0 native plugins for Editor in 0.00 ms.
Invoked RoslynAnalysisRunner static constructor.
RoslynAnalysisRunner will not be running.
RoslynAnalysisRunner has terminated.
Mono: successfully reloaded assembly
- Completed reload, in  0.978 seconds
Platform modules already initialized, skipping
Refreshing native plugins compatible for Editor in 0.32 ms, found 0 plugins.
Preloading 0 native plugins for Editor in 0.00 ms.
Unloading 1103 Unused Serialized files (Serialized files now loaded: 0)
System memory in use before: 68.6 MB.
System memory in use after: 68.7 MB.

Unloading 4 unused Assets to reduce memory usage. Loaded Objects now: 1582.
Total: 2.090900 ms (FindLiveObjects: 0.168700 ms CreateObjectMapping: 0.090800 ms MarkObjects: 1.812700 ms  DeleteObjects: 0.016800 ms)

========================================================================
Received Prepare
Registering precompiled user dll's ...
Registered in 0.001260 seconds.
Begin MonoManager ReloadAssembly
Native extension for LinuxStandalone target not found
Native extension for WindowsStandalone target not found
Native extension for OSXStandalone target not found
Native extension for WebGL target not found
Refreshing native plugins compatible for Editor in 0.20 ms, found 0 plugins.
Preloading 0 native plugins for Editor in 0.00 ms.
Invoked RoslynAnalysisRunner static constructor.
RoslynAnalysisRunner will not be running.
RoslynAnalysisRunner has terminated.
Mono: successfully reloaded assembly
- Completed reload, in  1.602 seconds
Platform modules already initialized, skipping
Refreshing native plugins compatible for Editor in 0.24 ms, found 0 plugins.
Preloading 0 native plugins for Editor in 0.00 ms.
Unloading 1103 Unused Serialized files (Serialized files now loaded: 0)
System memory in use before: 68.6 MB.
System memory in use after: 68.7 MB.

Unloading 4 unused Assets to reduce memory usage. Loaded Objects now: 1584.
Total: 3.166500 ms (FindLiveObjects: 0.213000 ms CreateObjectMapping: 0.050800 ms MarkObjects: 2.845100 ms  DeleteObjects: 0.055800 ms)

========================================================================
Received Prepare
Registering precompiled user dll's ...
Registered in 0.001595 seconds.
Begin MonoManager ReloadAssembly
Native extension for LinuxStandalone target not found
Native extension for WindowsStandalone target not found
Native extension for OSXStandalone target not found
Native extension for WebGL target not found
Refreshing native plugins compatible for Editor in 0.25 ms, found 0 plugins.
Preloading 0 native plugins for Editor in 0.00 ms.
Invoked RoslynAnalysisRunner static constructor.
RoslynAnalysisRunner will not be running.
RoslynAnalysisRunner has terminated.
Mono: successfully reloaded assembly
- Completed reload, in  1.138 seconds
Platform modules already initialized, skipping
Refreshing native plugins compatible for Editor in 0.23 ms, found 0 plugins.
Preloading 0 native plugins for Editor in 0.00 ms.
Unloading 1103 Unused Serialized files (Serialized files now loaded: 0)
System memory in use before: 68.6 MB.
System memory in use after: 68.7 MB.

Unloading 4 unused Assets to reduce memory usage. Loaded Objects now: 1586.
Total: 2.430200 ms (FindLiveObjects: 0.215600 ms CreateObjectMapping: 0.078400 ms MarkObjects: 2.118900 ms  DeleteObjects: 0.016100 ms)

========================================================================
Received Prepare
Registering precompiled user dll's ...
Registered in 0.000751 seconds.
Begin MonoManager ReloadAssembly
Native extension for LinuxStandalone target not found
Native extension for WindowsStandalone target not found
Native extension for OSXStandalone target not found
Native extension for WebGL target not found
Refreshing native plugins compatible for Editor in 0.43 ms, found 0 plugins.
Preloading 0 native plugins for Editor in 0.00 ms.
Invoked RoslynAnalysisRunner static constructor.
RoslynAnalysisRunner will not be running.
RoslynAnalysisRunner has terminated.
Mono: successfully reloaded assembly
- Completed reload, in  1.008 seconds
Platform modules already initialized, skipping
Refreshing native plugins compatible for Editor in 0.21 ms, found 0 plugins.
Preloading 0 native plugins for Editor in 0.00 ms.
Unloading 1103 Unused Serialized files (Serialized files now loaded: 0)
System memory in use before: 68.6 MB.
System memory in use after: 68.7 MB.

Unloading 4 unused Assets to reduce memory usage. Loaded Objects now: 1588.
Total: 2.715000 ms (FindLiveObjects: 0.160300 ms CreateObjectMapping: 0.040200 ms MarkObjects: 2.441400 ms  DeleteObjects: 0.053300 ms)

========================================================================
Received Import Request.
  Time since last request: 2051.321534 seconds.
  path: Assets/Script/PlayerController.cs
  artifactKey: Guid(7b8e0837df5f1d74daf2d72bad55b92e) Importer(815301076,1909f56bfc062723c751e8b465ee728b)
Start importing Assets/Script/PlayerController.cs using Guid(7b8e0837df5f1d74daf2d72bad55b92e) Importer(815301076,1909f56bfc062723c751e8b465ee728b)  -> (artifact id: '0b0083c109a00779604296a9cdcebb5f') in 0.009818 seconds
  Import took 0.011974 seconds .

========================================================================
Received Import Request.
  Time since last request: 130.943412 seconds.
  path: Assets/Script/Exit.cs
  artifactKey: Guid(5dc3a27ed2793654498d5757b53b23ce) Importer(815301076,1909f56bfc062723c751e8b465ee728b)
Start importing Assets/Script/Exit.cs using Guid(5dc3a27ed2793654498d5757b53b23ce) Importer(815301076,1909f56bfc062723c751e8b465ee728b)  -> (artifact id: '2926d595e3b736b1acfdddd6848ad2e7') in 0.009995 seconds
  Import took 0.013493 seconds .

========================================================================
Received Prepare
Registering precompiled user dll's ...
Registered in 0.000714 seconds.
Begin MonoManager ReloadAssembly
Native extension for LinuxStandalone target not found
Native extension for WindowsStandalone target not found
Native extension for OSXStandalone target not found
Native extension for WebGL target not found
Refreshing native plugins compatible for Editor in 0.23 ms, found 0 plugins.
Preloading 0 native plugins for Editor in 0.00 ms.
Invoked RoslynAnalysisRunner static constructor.
RoslynAnalysisRunner will not be running.
RoslynAnalysisRunner has terminated.
Mono: successfully reloaded assembly
- Completed reload, in  1.044 seconds
Platform modules already initialized, skipping
Refreshing native plugins compatible for Editor in 0.24 ms, found 0 plugins.
Preloading 0 native plugins for Editor in 0.00 ms.
Unloading 1104 Unused Serialized files (Serialized files now loaded: 0)
System memory in use before: 68.6 MB.
System memory in use after: 68.7 MB.

Unloading 4 unused Assets to reduce memory usage. Loaded Objects now: 1591.
Total: 1.727900 ms (FindLiveObjects: 0.152700 ms CreateObjectMapping: 0.036600 ms MarkObjects: 1.518900 ms  DeleteObjects: 0.018100 ms)

========================================================================
Received Import Request.
  Time since last request: 153.049671 seconds.
  path: Assets/Script/Exit.cs
  artifactKey: Guid(5dc3a27ed2793654498d5757b53b23ce) Importer(815301076,1909f56bfc062723c751e8b465ee728b)
Start importing Assets/Script/Exit.cs using Guid(5dc3a27ed2793654498d5757b53b23ce) Importer(815301076,1909f56bfc062723c751e8b465ee728b)  -> (artifact id: '1ae70d3bbde0f88c4eee874b9c05ad90') in 0.009404 seconds
  Import took 0.013127 seconds .

========================================================================
Received Import Request.
  Time since last request: 0.003127 seconds.
  path: Assets/Script/Exit.cs
  artifactKey: Guid(5dc3a27ed2793654498d5757b53b23ce) Importer(815301076,1909f56bfc062723c751e8b465ee728b)
Start importing Assets/Script/Exit.cs using Guid(5dc3a27ed2793654498d5757b53b23ce) Importer(815301076,1909f56bfc062723c751e8b465ee728b)  -> (artifact id: '1ae70d3bbde0f88c4eee874b9c05ad90') in 0.004129 seconds
  Import took 0.008279 seconds .

========================================================================
Received Import Request.
  Time since last request: 19.354630 seconds.
  path: Assets/Script/Exit.cs
  artifactKey: Guid(5dc3a27ed2793654498d5757b53b23ce) Importer(815301076,1909f56bfc062723c751e8b465ee728b)
Start importing Assets/Script/Exit.cs using Guid(5dc3a27ed2793654498d5757b53b23ce) Importer(815301076,1909f56bfc062723c751e8b465ee728b)  -> (artifact id: 'd1c8111d4b903c2363af832df5efc3c3') in 0.121560 seconds
  Import took 0.124405 seconds .

========================================================================
Received Prepare
Registering precompiled user dll's ...
Registered in 0.000870 seconds.
Begin MonoManager ReloadAssembly
Native extension for LinuxStandalone target not found
Native extension for WindowsStandalone target not found
Native extension for OSXStandalone target not found
Native extension for WebGL target not found
Refreshing native plugins compatible for Editor in 0.23 ms, found 0 plugins.
Preloading 0 native plugins for Editor in 0.00 ms.
Invoked RoslynAnalysisRunner static constructor.
RoslynAnalysisRunner will not be running.
RoslynAnalysisRunner has terminated.
Mono: successfully reloaded assembly
- Completed reload, in  1.016 seconds
Platform modules already initialized, skipping
Refreshing native plugins compatible for Editor in 1.11 ms, found 0 plugins.
Preloading 0 native plugins for Editor in 0.00 ms.
Unloading 1104 Unused Serialized files (Serialized files now loaded: 0)
System memory in use before: 68.7 MB.
System memory in use after: 68.8 MB.

Unloading 4 unused Assets to reduce memory usage. Loaded Objects now: 1593.
Total: 2.788800 ms (FindLiveObjects: 0.264200 ms CreateObjectMapping: 0.063200 ms MarkObjects: 2.435300 ms  DeleteObjects: 0.024300 ms)

========================================================================
Received Prepare
Registering precompiled user dll's ...
Registered in 0.001101 seconds.
Begin MonoManager ReloadAssembly
Native extension for LinuxStandalone target not found
Native extension for WindowsStandalone target not found
Native extension for OSXStandalone target not found
Native extension for WebGL target not found
Refreshing native plugins compatible for Editor in 0.28 ms, found 0 plugins.
Preloading 0 native plugins for Editor in 0.00 ms.
Invoked RoslynAnalysisRunner static constructor.
RoslynAnalysisRunner will not be running.
RoslynAnalysisRunner has terminated.
Mono: successfully reloaded assembly
- Completed reload, in  1.089 seconds
Platform modules already initialized, skipping
Refreshing native plugins compatible for Editor in 0.22 ms, found 0 plugins.
Preloading 0 native plugins for Editor in 0.00 ms.
Unloading 1104 Unused Serialized files (Serialized files now loaded: 0)
System memory in use before: 68.7 MB.
System memory in use after: 68.8 MB.

Unloading 4 unused Assets to reduce memory usage. Loaded Objects now: 1595.
Total: 1.918900 ms (FindLiveObjects: 0.149100 ms CreateObjectMapping: 0.031700 ms MarkObjects: 1.722300 ms  DeleteObjects: 0.014800 ms)

========================================================================
Received Import Request.
  Time since last request: 164.188444 seconds.
  path: Assets/Script/Exit.cs
  artifactKey: Guid(5dc3a27ed2793654498d5757b53b23ce) Importer(815301076,1909f56bfc062723c751e8b465ee728b)
Start importing Assets/Script/Exit.cs using Guid(5dc3a27ed2793654498d5757b53b23ce) Importer(815301076,1909f56bfc062723c751e8b465ee728b)  -> (artifact id: '744694ba5bf05425e5582a8726d466ac') in 0.011174 seconds
  Import took 0.014608 seconds .

========================================================================
Received Prepare
Registering precompiled user dll's ...
Registered in 0.000890 seconds.
Begin MonoManager ReloadAssembly
Native extension for LinuxStandalone target not found
Native extension for WindowsStandalone target not found
Native extension for OSXStandalone target not found
Native extension for WebGL target not found
Refreshing native plugins compatible for Editor in 0.29 ms, found 0 plugins.
Preloading 0 native plugins for Editor in 0.00 ms.
Invoked RoslynAnalysisRunner static constructor.
RoslynAnalysisRunner will not be running.
RoslynAnalysisRunner has terminated.
Mono: successfully reloaded assembly
- Completed reload, in  1.291 seconds
Platform modules already initialized, skipping
Refreshing native plugins compatible for Editor in 0.41 ms, found 0 plugins.
Preloading 0 native plugins for Editor in 0.00 ms.
Unloading 1104 Unused Serialized files (Serialized files now loaded: 0)
System memory in use before: 68.7 MB.
System memory in use after: 68.8 MB.

Unloading 4 unused Assets to reduce memory usage. Loaded Objects now: 1597.
Total: 2.890500 ms (FindLiveObjects: 0.432500 ms CreateObjectMapping: 0.150400 ms MarkObjects: 2.286500 ms  DeleteObjects: 0.019600 ms)

========================================================================
Received Prepare
Registering precompiled user dll's ...
Registered in 0.000819 seconds.
Begin MonoManager ReloadAssembly
Native extension for LinuxStandalone target not found
Native extension for WindowsStandalone target not found
Native extension for OSXStandalone target not found
Native extension for WebGL target not found
Refreshing native plugins compatible for Editor in 0.20 ms, found 0 plugins.
Preloading 0 native plugins for Editor in 0.00 ms.
Invoked RoslynAnalysisRunner static constructor.
RoslynAnalysisRunner will not be running.
RoslynAnalysisRunner has terminated.
Mono: successfully reloaded assembly
- Completed reload, in  1.100 seconds
Platform modules already initialized, skipping
Refreshing native plugins compatible for Editor in 0.23 ms, found 0 plugins.
Preloading 0 native plugins for Editor in 0.00 ms.
Unloading 1104 Unused Serialized files (Serialized files now loaded: 0)
System memory in use before: 68.7 MB.
System memory in use after: 68.8 MB.

Unloading 4 unused Assets to reduce memory usage. Loaded Objects now: 1599.
Total: 3.010200 ms (FindLiveObjects: 0.161800 ms CreateObjectMapping: 0.037800 ms MarkObjects: 2.783100 ms  DeleteObjects: 0.025600 ms)

========================================================================
Received Prepare
Registering precompiled user dll's ...
Registered in 0.001200 seconds.
Begin MonoManager ReloadAssembly
Native extension for LinuxStandalone target not found
Native extension for WindowsStandalone target not found
Native extension for OSXStandalone target not found
Native extension for WebGL target not found
Refreshing native plugins compatible for Editor in 0.34 ms, found 0 plugins.
Preloading 0 native plugins for Editor in 0.00 ms.
Invoked RoslynAnalysisRunner static constructor.
RoslynAnalysisRunner will not be running.
RoslynAnalysisRunner has terminated.
Mono: successfully reloaded assembly
- Completed reload, in  1.008 seconds
Platform modules already initialized, skipping
Refreshing native plugins compatible for Editor in 0.25 ms, found 0 plugins.
Preloading 0 native plugins for Editor in 0.00 ms.
Unloading 1104 Unused Serialized files (Serialized files now loaded: 0)
System memory in use before: 68.7 MB.
System memory in use after: 68.8 MB.

Unloading 4 unused Assets to reduce memory usage. Loaded Objects now: 1601.
Total: 3.170100 ms (FindLiveObjects: 0.208200 ms CreateObjectMapping: 0.043300 ms MarkObjects: 2.869200 ms  DeleteObjects: 0.046900 ms)

========================================================================
Received Import Request.
  Time since last request: 253.699023 seconds.
  path: Assets/Script/PlayerController.cs
  artifactKey: Guid(7b8e0837df5f1d74daf2d72bad55b92e) Importer(815301076,1909f56bfc062723c751e8b465ee728b)
Start importing Assets/Script/PlayerController.cs using Guid(7b8e0837df5f1d74daf2d72bad55b92e) Importer(815301076,1909f56bfc062723c751e8b465ee728b)  -> (artifact id: 'bb24e90149f31527546da3e25422c0a7') in 0.008793 seconds
  Import took 0.011261 seconds .

========================================================================
Received Prepare
Refreshing native plugins compatible for Editor in 0.96 ms, found 0 plugins.
Preloading 0 native plugins for Editor in 0.00 ms.
Unloading 2 Unused Serialized files (Serialized files now loaded: 0)
System memory in use before: 46.8 MB.
System memory in use after: 46.9 MB.

Unloading 2 unused Assets to reduce memory usage. Loaded Objects now: 1601.
Total: 1.763000 ms (FindLiveObjects: 0.170600 ms CreateObjectMapping: 0.033500 ms MarkObjects: 1.544400 ms  DeleteObjects: 0.012800 ms)

AssetImportWorkerClient::OnTransportError - code=2 error=End of file
